mode: set
web_test/app/forms.go:15.46,17.22 2 1
web_test/app/forms.go:17.22,19.3 1 1
web_test/app/forms.go:20.2,20.18 1 1
web_test/app/forms.go:23.54,26.2 2 1
web_test/app/forms.go:28.37,33.2 1 1
web_test/app/forms.go:35.39,38.2 2 1
web_test/app/forms.go:40.43,41.31 1 1
web_test/app/forms.go:41.31,43.37 2 1
web_test/app/forms.go:43.37,45.4 1 1
web_test/app/forms.go:49.52,50.9 1 1
web_test/app/forms.go:50.9,52.3 1 1
web_test/app/forms.go:55.29,57.2 1 1
web_test/app/handlers.go:17.63,19.2 1 1
web_test/app/handlers.go:21.101,23.16 2 1
web_test/app/handlers.go:23.16,26.3 2 0
web_test/app/handlers.go:27.2,29.12 3 1
web_test/app/handlers.go:32.64,34.16 2 0
web_test/app/handlers.go:34.16,37.3 2 0
web_test/app/handlers.go:38.2,41.50 4 0
web_test/app/main.go:8.13,13.16 5 0
web_test/app/main.go:13.16,15.3 1 0
web_test/app/middleware.go:15.60,17.2 1 1
web_test/app/middleware.go:19.65,20.71 1 1
web_test/app/middleware.go:20.71,22.17 2 1
web_test/app/middleware.go:22.17,24.4 1 1
web_test/app/middleware.go:25.3,26.40 2 1
web_test/app/middleware.go:30.45,32.16 2 1
web_test/app/middleware.go:32.16,34.3 1 1
web_test/app/middleware.go:35.2,36.19 2 1
web_test/app/middleware.go:36.19,38.3 1 1
web_test/app/middleware.go:39.2,40.22 2 1
web_test/app/middleware.go:40.22,42.3 1 1
web_test/app/middleware.go:43.2,43.18 1 1
web_test/app/middleware.go:43.18,45.3 1 0
web_test/app/middleware.go:46.2,46.16 1 1
web_test/app/server.go:12.40,24.2 8 1
