mode: set
web_test/app/forms.go:15.46,17.22 2 1
web_test/app/forms.go:17.22,19.3 1 1
web_test/app/forms.go:20.2,20.18 1 1
web_test/app/forms.go:23.54,26.2 2 1
web_test/app/forms.go:28.37,33.2 1 1
web_test/app/forms.go:35.39,38.2 2 1
web_test/app/forms.go:40.43,41.31 1 1
web_test/app/forms.go:41.31,43.37 2 1
web_test/app/forms.go:43.37,45.4 1 1
web_test/app/forms.go:49.52,50.9 1 1
web_test/app/forms.go:50.9,52.3 1 1
web_test/app/forms.go:55.29,57.2 1 1
web_test/app/handlers.go:19.63,21.43 2 1
web_test/app/handlers.go:21.43,24.3 2 1
web_test/app/handlers.go:24.8,26.3 1 1
web_test/app/handlers.go:27.2,27.65 1 1
web_test/app/handlers.go:30.101,35.16 2 1
web_test/app/handlers.go:35.16,38.3 2 1
web_test/app/handlers.go:39.2,41.12 3 1
web_test/app/handlers.go:44.64,46.16 2 0
web_test/app/handlers.go:46.16,49.3 2 0
web_test/app/handlers.go:50.2,52.19 3 0
web_test/app/handlers.go:52.19,55.33 3 0
web_test/app/handlers.go:55.33,57.4 1 0
web_test/app/handlers.go:58.8,61.3 2 0
web_test/app/main.go:8.13,14.16 6 0
web_test/app/main.go:14.16,16.3 1 0
web_test/app/middleware.go:15.60,17.2 1 1
web_test/app/middleware.go:19.65,20.71 1 1
web_test/app/middleware.go:20.71,22.17 2 1
web_test/app/middleware.go:22.17,24.4 1 1
web_test/app/middleware.go:25.3,26.40 2 1
web_test/app/middleware.go:30.45,32.16 2 1
web_test/app/middleware.go:32.16,34.3 1 1
web_test/app/middleware.go:35.2,36.19 2 1
web_test/app/middleware.go:36.19,38.3 1 1
web_test/app/middleware.go:39.2,40.22 2 1
web_test/app/middleware.go:40.22,42.3 1 1
web_test/app/middleware.go:43.2,43.18 1 1
web_test/app/middleware.go:43.18,45.3 1 0
web_test/app/middleware.go:46.2,46.16 1 1
web_test/app/server.go:15.40,28.2 9 1
web_test/app/sessions.go:9.39,17.2 6 1
